-------------------------------------------------------------------------------
Test set: com.example.controller.HotelControllerTest
-------------------------------------------------------------------------------
Tests run: 1, Failures: 0, Errors: 1, Skipped: 0, Time elapsed: 0.057 s <<< FAILURE! -- in com.example.controller.HotelControllerTest
com.example.controller.HotelControllerTest -- Time elapsed: 0.057 s <<< ERROR!
org.junit.jupiter.api.extension.ParameterResolutionException: No ParameterResolver registered for parameter [int arg0] in method [public static void com.example.controller.HotelControllerTest.setUpTest(int)].
	at java.base/java.util.ArrayList.forEach(ArrayList.java:1596)

